<?xml version="1.0" encoding="UTF-8"?>
<!-- Generated by org.testng.reporters.JUnitXMLReporter -->
<testsuite ignored="86" hostname="TRPL-PUN-0268" failures="0" tests="1" name="Default test" time="73.718" errors="0" timestamp="2025-06-06T18:24:20 IST">
  <testcase classname="testCases.All_Distributor_TestCase" name="EntityBulkUploadInvalidCheck" time="48.874"/>
  <testcase classname="testCases.All_Distributor_TestCase" name="UploadPaycodeInvalid" time="0.0">
    <ignored/>
  </testcase> <!-- UploadPaycodeInvalid -->
  <testcase classname="testCases.All_Distributor_TestCase" name="CorporateView" time="0.0">
    <ignored/>
  </testcase> <!-- CorporateView -->
  <testcase classname="testCases.All_Distributor_TestCase" name="UploadPaycodeNoMM" time="0.0">
    <ignored/>
  </testcase> <!-- UploadPaycodeNoMM -->
  <testcase classname="testCases.All_Distributor_TestCase" name="MapuserManagement" time="0.0">
    <ignored/>
  </testcase> <!-- MapuserManagement -->
  <testcase classname="testCases.All_Distributor_TestCase" name="Upload" time="0.0">
    <ignored/>
  </testcase> <!-- Upload -->
  <testcase classname="testCases.All_Distributor_TestCase" name="UploadAddressMap" time="0.0">
    <ignored/>
  </testcase> <!-- UploadAddressMap -->
  <testcase classname="testCases.All_Distributor_TestCase" name="ExportSM" time="0.0">
    <ignored/>
  </testcase> <!-- ExportSM -->
  <testcase classname="testCases.All_Distributor_TestCase" name="SearchSMMM" time="0.0">
    <ignored/>
  </testcase> <!-- SearchSMMM -->
  <testcase classname="testCases.All_Distributor_TestCase" name="ResetBtn" time="0.0">
    <ignored/>
  </testcase> <!-- ResetBtn -->
  <testcase classname="testCases.All_Distributor_TestCase" name="PayCodeAddNewInvalidMM" time="0.0">
    <ignored/>
  </testcase> <!-- PayCodeAddNewInvalidMM -->
  <testcase classname="testCases.All_Distributor_TestCase" name="SearchCustomer" time="0.0">
    <ignored/>
  </testcase> <!-- SearchCustomer -->
  <testcase classname="testCases.All_Distributor_TestCase" name="PayCodeEditMM" time="0.0">
    <ignored/>
  </testcase> <!-- PayCodeEditMM -->
  <testcase classname="testCases.All_Distributor_TestCase" name="Mapuser" time="0.0">
    <ignored/>
  </testcase> <!-- Mapuser -->
  <testcase classname="testCases.All_Distributor_TestCase" name="Searchentities" time="0.0">
    <ignored/>
  </testcase> <!-- Searchentities -->
  <testcase classname="testCases.All_Distributor_TestCase" name="UploadBranchInvalidTemp" time="0.0">
    <ignored/>
  </testcase> <!-- UploadBranchInvalidTemp -->
  <testcase classname="testCases.All_Distributor_TestCase" name="SearchPaycode" time="0.0">
    <ignored/>
  </testcase> <!-- SearchPaycode -->
  <testcase classname="testCases.All_Distributor_TestCase" name="UploadAddInvalid" time="0.0">
    <ignored/>
  </testcase> <!-- UploadAddInvalid -->
  <testcase classname="testCases.All_Distributor_TestCase" name="EntityBulkUploadCheckB" time="0.0">
    <ignored/>
  </testcase> <!-- EntityBulkUploadCheckB -->
  <testcase classname="testCases.All_Distributor_TestCase" name="SearchleaveClear" time="0.0">
    <ignored/>
  </testcase> <!-- SearchleaveClear -->
  <testcase classname="testCases.All_Distributor_TestCase" name="UploadBranchCheckInvalidTemp" time="0.0">
    <ignored/>
  </testcase> <!-- UploadBranchCheckInvalidTemp -->
  <testcase classname="testCases.All_Distributor_TestCase" name="Searchleave" time="0.0">
    <ignored/>
  </testcase> <!-- Searchleave -->
  <testcase classname="testCases.All_Distributor_TestCase" name="MUploadAddMapping" time="0.0">
    <ignored/>
  </testcase> <!-- MUploadAddMapping -->
  <testcase classname="testCases.All_Distributor_TestCase" name="PaycodeDelete" time="0.0">
    <ignored/>
  </testcase> <!-- PaycodeDelete -->
  <testcase classname="testCases.All_Distributor_TestCase" name="UploadADD" time="0.0">
    <ignored/>
  </testcase> <!-- UploadADD -->
  <testcase classname="testCases.All_Distributor_TestCase" name="EntityExcel" time="0.0">
    <ignored/>
  </testcase> <!-- EntityExcel -->
  <testcase classname="testCases.All_Distributor_TestCase" name="UserMapFilter" time="0.0">
    <ignored/>
  </testcase> <!-- UserMapFilter -->
  <testcase classname="testCases.All_Distributor_TestCase" name="SearchBranch" time="0.0">
    <ignored/>
  </testcase> <!-- SearchBranch -->
  <testcase classname="testCases.All_Distributor_TestCase" name="UploadPaycodeEmptyMM" time="0.0">
    <ignored/>
  </testcase> <!-- UploadPaycodeEmptyMM -->
  <testcase classname="testCases.All_Distributor_TestCase" name="SearchPaycodeClearMM" time="0.0">
    <ignored/>
  </testcase> <!-- SearchPaycodeClearMM -->
  <testcase classname="testCases.All_Distributor_TestCase" name="UploadBranchCheckInvalidFormate" time="0.0">
    <ignored/>
  </testcase> <!-- UploadBranchCheckInvalidFormate -->
  <testcase classname="testCases.All_Distributor_TestCase" name="UploadAddInvalidTemp" time="0.0">
    <ignored/>
  </testcase> <!-- UploadAddInvalidTemp -->
  <testcase classname="testCases.All_Distributor_TestCase" name="SearchSMClear" time="0.0">
    <ignored/>
  </testcase> <!-- SearchSMClear -->
  <testcase classname="testCases.All_Distributor_TestCase" name="UploadBranchCheck" time="0.0">
    <ignored/>
  </testcase> <!-- UploadBranchCheck -->
  <testcase classname="testCases.All_Distributor_TestCase" name="AllCheckbox" time="0.0">
    <ignored/>
  </testcase> <!-- AllCheckbox -->
  <testcase classname="testCases.All_Distributor_TestCase" name="UserMapFilterClear" time="0.0">
    <ignored/>
  </testcase> <!-- UserMapFilterClear -->
  <testcase classname="testCases.All_Distributor_TestCase" name="UploadPaycodeInvalidMM" time="0.0">
    <ignored/>
  </testcase> <!-- UploadPaycodeInvalidMM -->
  <testcase classname="testCases.All_Distributor_TestCase" name="UploadAddressMapEmpty" time="0.0">
    <ignored/>
  </testcase> <!-- UploadAddressMapEmpty -->
  <testcase classname="testCases.All_Distributor_TestCase" name="SearchPaycodeClear" time="0.0">
    <ignored/>
  </testcase> <!-- SearchPaycodeClear -->
  <testcase classname="testCases.All_Distributor_TestCase" name="Corporate" time="0.0">
    <ignored/>
  </testcase> <!-- Corporate -->
  <testcase classname="testCases.All_Distributor_TestCase" name="ExportPremises" time="0.0">
    <ignored/>
  </testcase> <!-- ExportPremises -->
  <testcase classname="testCases.All_Distributor_TestCase" name="UserDeleteAssign" time="0.0">
    <ignored/>
  </testcase> <!-- UserDeleteAssign -->
  <testcase classname="testCases.All_Distributor_TestCase" name="MapuserDeleteCancel" time="0.0">
    <ignored/>
  </testcase> <!-- MapuserDeleteCancel -->
  <testcase classname="testCases.All_Distributor_TestCase" name="ExportSM2" time="0.0">
    <ignored/>
  </testcase> <!-- ExportSM2 -->
  <testcase classname="testCases.All_Distributor_TestCase" name="branchDelete" time="0.0">
    <ignored/>
  </testcase> <!-- branchDelete -->
  <testcase classname="testCases.All_Distributor_TestCase" name="UploadPaycodeMM" time="0.0">
    <ignored/>
  </testcase> <!-- UploadPaycodeMM -->
  <testcase classname="testCases.All_Distributor_TestCase" name="SearchPaycodeMM" time="0.0">
    <ignored/>
  </testcase> <!-- SearchPaycodeMM -->
  <testcase classname="testCases.All_Distributor_TestCase" name="UploadPaycodeforMM" time="0.0">
    <ignored/>
  </testcase> <!-- UploadPaycodeforMM -->
  <testcase classname="testCases.All_Distributor_TestCase" name="SearchCorporate" time="0.0">
    <ignored/>
  </testcase> <!-- SearchCorporate -->
  <testcase classname="testCases.All_Distributor_TestCase" name="SearchUser" time="0.0">
    <ignored/>
  </testcase> <!-- SearchUser -->
  <testcase classname="testCases.All_Distributor_TestCase" name="UploadBranchCheckEmpty" time="0.0">
    <ignored/>
  </testcase> <!-- UploadBranchCheckEmpty -->
  <testcase classname="testCases.All_Distributor_TestCase" name="EntityLocation" time="0.0">
    <ignored/>
  </testcase> <!-- EntityLocation -->
  <testcase classname="testCases.All_Distributor_TestCase" name="UploadPaycode" time="0.0">
    <ignored/>
  </testcase> <!-- UploadPaycode -->
  <testcase classname="testCases.All_Distributor_TestCase" name="UserBack" time="0.0">
    <ignored/>
  </testcase> <!-- UserBack -->
  <testcase classname="testCases.All_Distributor_TestCase" name="PayCodeAddNewInvalid" time="0.0">
    <ignored/>
  </testcase> <!-- PayCodeAddNewInvalid -->
  <testcase classname="testCases.All_Distributor_TestCase" name="UploadAddInvalidFormate" time="0.0">
    <ignored/>
  </testcase> <!-- UploadAddInvalidFormate -->
  <testcase classname="testCases.All_Distributor_TestCase" name="EntityBack" time="0.0">
    <ignored/>
  </testcase> <!-- EntityBack -->
  <testcase classname="testCases.All_Distributor_TestCase" name="UploadBranchInvalidFormate" time="0.0">
    <ignored/>
  </testcase> <!-- UploadBranchInvalidFormate -->
  <testcase classname="testCases.All_Distributor_TestCase" name="EntityBulkUploadInvalid" time="0.0">
    <ignored/>
  </testcase> <!-- EntityBulkUploadInvalid -->
  <testcase classname="testCases.All_Distributor_TestCase" name="BDeleteCancel" time="0.0">
    <ignored/>
  </testcase> <!-- BDeleteCancel -->
  <testcase classname="testCases.All_Distributor_TestCase" name="SearchCorporateClear" time="0.0">
    <ignored/>
  </testcase> <!-- SearchCorporateClear -->
  <testcase classname="testCases.All_Distributor_TestCase" name="PayCodeAddNewMM" time="0.0">
    <ignored/>
  </testcase> <!-- PayCodeAddNewMM -->
  <testcase classname="testCases.All_Distributor_TestCase" name="UploadInvalidCheck" time="0.0">
    <ignored/>
  </testcase> <!-- UploadInvalidCheck -->
  <testcase classname="testCases.All_Distributor_TestCase" name="Entity" time="0.0">
    <ignored/>
  </testcase> <!-- Entity -->
  <testcase classname="testCases.All_Distributor_TestCase" name="EntityBulkUploadCheck" time="0.0">
    <ignored/>
  </testcase> <!-- EntityBulkUploadCheck -->
  <testcase classname="testCases.All_Distributor_TestCase" name="Exportleavetype" time="0.0">
    <ignored/>
  </testcase> <!-- Exportleavetype -->
  <testcase classname="testCases.All_Distributor_TestCase" name="User" time="0.0">
    <ignored/>
  </testcase> <!-- User -->
  <testcase classname="testCases.All_Distributor_TestCase" name="PaycodeDeleteCancel" time="0.0">
    <ignored/>
  </testcase> <!-- PaycodeDeleteCancel -->
  <testcase classname="testCases.All_Distributor_TestCase" name="EntityBranchAddNew" time="0.0">
    <ignored/>
  </testcase> <!-- EntityBranchAddNew -->
  <testcase classname="testCases.All_Distributor_TestCase" name="UserMapDelete" time="0.0">
    <ignored/>
  </testcase> <!-- UserMapDelete -->
  <testcase classname="testCases.All_Distributor_TestCase" name="ExportSM1" time="0.0">
    <ignored/>
  </testcase> <!-- ExportSM1 -->
  <testcase classname="testCases.All_Distributor_TestCase" name="UploadAddMapping" time="0.0">
    <ignored/>
  </testcase> <!-- UploadAddMapping -->
  <testcase classname="testCases.All_Distributor_TestCase" name="PayCodeAddNew" time="0.0">
    <ignored/>
  </testcase> <!-- PayCodeAddNew -->
  <testcase classname="testCases.All_Distributor_TestCase" name="UploadPaycodeEmpty" time="0.0">
    <ignored/>
  </testcase> <!-- UploadPaycodeEmpty -->
  <testcase classname="testCases.All_Distributor_TestCase" name="Mapuseralready" time="0.0">
    <ignored/>
  </testcase> <!-- Mapuseralready -->
  <testcase classname="testCases.All_Distributor_TestCase" name="UploadBranch" time="0.0">
    <ignored/>
  </testcase> <!-- UploadBranch -->
  <testcase classname="testCases.All_Distributor_TestCase" name="ExportUser" time="0.0">
    <ignored/>
  </testcase> <!-- ExportUser -->
  <testcase classname="testCases.All_Distributor_TestCase" name="MapuserManagementAlredy" time="0.0">
    <ignored/>
  </testcase> <!-- MapuserManagementAlredy -->
  <testcase classname="testCases.All_Distributor_TestCase" name="UploadBranchInvalid" time="0.0">
    <ignored/>
  </testcase> <!-- UploadBranchInvalid -->
  <testcase classname="testCases.All_Distributor_TestCase" name="PaycodeDeleteMM" time="0.0">
    <ignored/>
  </testcase> <!-- PaycodeDeleteMM -->
  <testcase classname="testCases.All_Distributor_TestCase" name="EntityBulkUpload" time="0.0">
    <ignored/>
  </testcase> <!-- EntityBulkUpload -->
  <testcase classname="testCases.All_Distributor_TestCase" name="PaycodeDeleteCancelMM" time="0.0">
    <ignored/>
  </testcase> <!-- PaycodeDeleteCancelMM -->
  <testcase classname="testCases.All_Distributor_TestCase" name="PayCodeEdit" time="0.0">
    <ignored/>
  </testcase> <!-- PayCodeEdit -->
  <testcase classname="testCases.All_Distributor_TestCase" name="UploadBranchEmpty" time="0.0">
    <ignored/>
  </testcase> <!-- UploadBranchEmpty -->
  <testcase classname="testCases.All_Distributor_TestCase" name="SearchUserClear" time="0.0">
    <ignored/>
  </testcase> <!-- SearchUserClear -->
  <testcase classname="testCases.All_Distributor_TestCase" name="UploadCheck" time="0.0">
    <ignored/>
  </testcase> <!-- UploadCheck -->
  <testcase classname="testCases.All_Distributor_TestCase" name="CorporateBack" time="0.0">
    <ignored/>
  </testcase> <!-- CorporateBack -->
</testsuite> <!-- Default test -->
