<?xml version="1.0" encoding="UTF-8"?>
<testng-results ignored="86" total="87" passed="1" failed="0" skipped="0">
  <reporter-output>
  </reporter-output>
  <suite started-at="2025-06-06T18:23:06 IST" name="Default suite" finished-at="2025-06-06T18:24:20 IST" duration-ms="73718">
    <groups>
    </groups>
    <test started-at="2025-06-06T18:23:06 IST" name="Default test" finished-at="2025-06-06T18:24:20 IST" duration-ms="73718">
      <class name="testCases.All_Distributor_TestCase">
        <test-method is-config="true" signature="setBrowser()[pri:0, instance:testCases.All_Distributor_TestCase@37ceb1df]" started-at="2025-06-06T18:23:06 IST" name="setBrowser" finished-at="2025-06-06T18:23:07 IST" duration-ms="867" status="PASS">
          <reporter-output>
          </reporter-output>
        </test-method> <!-- setBrowser -->
        <test-method is-config="true" signature="Login()[pri:0, instance:testCases.All_Distributor_TestCase@37ceb1df]" started-at="2025-06-06T18:23:07 IST" name="Login" finished-at="2025-06-06T18:23:31 IST" duration-ms="23550" status="PASS">
          <reporter-output>
          </reporter-output>
        </test-method> <!-- Login -->
        <test-method signature="EntityBulkUploadInvalidCheck()[pri:34, instance:testCases.All_Distributor_TestCase@37ceb1df]" started-at="2025-06-06T18:23:31 IST" name="EntityBulkUploadInvalidCheck" finished-at="2025-06-06T18:24:20 IST" duration-ms="48874" status="PASS">
          <reporter-output>
          </reporter-output>
        </test-method> <!-- EntityBulkUploadInvalidCheck -->
        <test-method is-config="true" signature="browserClosing()[pri:0, instance:testCases.All_Distributor_TestCase@37ceb1df]" started-at="2025-06-06T18:24:20 IST" name="browserClosing" finished-at="2025-06-06T18:24:20 IST" duration-ms="347" status="PASS">
          <reporter-output>
          </reporter-output>
        </test-method> <!-- browserClosing -->
        <test-method is-config="true" signature="Closing()[pri:0, instance:testCases.All_Distributor_TestCase@37ceb1df]" started-at="2025-06-06T18:24:20 IST" name="Closing" finished-at="2025-06-06T18:24:20 IST" duration-ms="2" status="PASS">
          <reporter-output>
          </reporter-output>
        </test-method> <!-- Closing -->
      </class> <!-- testCases.All_Distributor_TestCase -->
    </test> <!-- Default test -->
  </suite> <!-- Default suite -->
</testng-results>
